<?xml version="1.0" encoding="UTF-8"?>
<!-- Generated by org.testng.reporters.JUnitReportReporter -->
<testsuite hostname="NDI-LAP-309" name="jenkins.test" tests="1" failures="0" timestamp="27 Oct 2015 18:41:15 GMT" time="15.096" errors="0">
  <testcase name="StartPage" time="15.096" classname="jenkins.test"/>
</testsuite> <!-- jenkins.test -->
